0 info it worked if it ends with ok
1 verbose cli [ '/usr/local/bin/node',
1 verbose cli   '/usr/local/bin/npm',
1 verbose cli   'install',
1 verbose cli   '--save',
1 verbose cli   'react-addons-update^@0.14.8' ]
2 info using npm@3.8.6
3 info using node@v6.0.0
4 silly loadCurrentTree Starting
5 silly install loadCurrentTree
6 silly install readLocalPackageData
7 silly fetchPackageMetaData react-addons-update^@0.14.8
8 silly fetchOtherPackageData react-addons-update^@0.14.8
9 silly cache add args [ 'react-addons-update^@0.14.8', null ]
10 verbose cache add spec react-addons-update^@0.14.8
11 silly cache add parsed spec Result {
11 silly cache add   raw: 'react-addons-update^@0.14.8',
11 silly cache add   scope: null,
11 silly cache add   name: null,
11 silly cache add   rawSpec: 'react-addons-update^@0.14.8',
11 silly cache add   spec: '/Users/everettrobinson/React/blended-learning-design/react-addons-update^@0.14.8',
11 silly cache add   type: 'local' }
12 error addLocal Could not install /Users/everettrobinson/React/blended-learning-design/react-addons-update^@0.14.8
13 silly fetchPackageMetaData Error: ENOENT: no such file or directory, open '/Users/everettrobinson/React/blended-learning-design/react-addons-update^@0.14.8'
13 silly fetchPackageMetaData     at Error (native)
13 silly fetchPackageMetaData  error for react-addons-update^@0.14.8 { Error: ENOENT: no such file or directory, open '/Users/everettrobinson/React/blended-learning-design/react-addons-update^@0.14.8'
13 silly fetchPackageMetaData     at Error (native)
13 silly fetchPackageMetaData   errno: -2,
13 silly fetchPackageMetaData   code: 'ENOENT',
13 silly fetchPackageMetaData   syscall: 'open',
13 silly fetchPackageMetaData   path: '/Users/everettrobinson/React/blended-learning-design/react-addons-update^@0.14.8' }
14 silly rollbackFailedOptional Starting
15 silly rollbackFailedOptional Finishing
16 silly runTopLevelLifecycles Starting
17 silly runTopLevelLifecycles Finishing
18 silly install printInstalled
19 verbose stack Error: ENOENT: no such file or directory, open '/Users/everettrobinson/React/blended-learning-design/react-addons-update^@0.14.8'
19 verbose stack     at Error (native)
20 verbose cwd /Users/everettrobinson/React/blended-learning-design
21 error Darwin 15.0.0
22 error argv "/usr/local/bin/node" "/usr/local/bin/npm" "install" "--save" "react-addons-update^@0.14.8"
23 error node v6.0.0
24 error npm  v3.8.6
25 error path /Users/everettrobinson/React/blended-learning-design/react-addons-update^@0.14.8
26 error code ENOENT
27 error errno -2
28 error syscall open
29 error enoent ENOENT: no such file or directory, open '/Users/everettrobinson/React/blended-learning-design/react-addons-update^@0.14.8'
30 error enoent ENOENT: no such file or directory, open '/Users/everettrobinson/React/blended-learning-design/react-addons-update^@0.14.8'
30 error enoent This is most likely not a problem with npm itself
30 error enoent and is related to npm not being able to find a file.
31 verbose exit [ -2, true ]
